SF:/home/rogerio/Projetos/rust/easyhttpmock-vetis-tokio/src/vetis_adapter.rs
FN:386,_RNCNCNCNvXs2_NtCs7Ib2kJL8DlN_24easyhttpmock_vetis_tokio13vetis_adapterNtBb_12VetisAdapterNtNtCssTDxJfxuSY_12easyhttpmock6server13ServerAdapter5start000Bd_
FN:515,_RNCNCNvXs2_NtCs7Ib2kJL8DlN_24easyhttpmock_vetis_tokio13vetis_adapterNtB9_12VetisAdapterNtNtCssTDxJfxuSY_12easyhttpmock6server13ServerAdapter4stop00Bb_
FN:382,_RNCNCNvXs2_NtCs7Ib2kJL8DlN_24easyhttpmock_vetis_tokio13vetis_adapterNtB9_12VetisAdapterNtNtCssTDxJfxuSY_12easyhttpmock6server13ServerAdapter5start00Bb_
FN:456,_RNCNCNvXs2_NtCs7Ib2kJL8DlN_24easyhttpmock_vetis_tokio13vetis_adapterNtB9_12VetisAdapterNtNtCssTDxJfxuSY_12easyhttpmock6server13ServerAdapter5start0s0_0Bb_
FN:480,_RNCNCNvXs2_NtCs7Ib2kJL8DlN_24easyhttpmock_vetis_tokio13vetis_adapterNtB9_12VetisAdapterNtNtCssTDxJfxuSY_12easyhttpmock6server13ServerAdapter5start0s1_0Bb_
FN:486,_RNCNCNvXs2_NtCs7Ib2kJL8DlN_24easyhttpmock_vetis_tokio13vetis_adapterNtB9_12VetisAdapterNtNtCssTDxJfxuSY_12easyhttpmock6server13ServerAdapter5start0s2_0Bb_
FN:488,_RNCNCNvXs2_NtCs7Ib2kJL8DlN_24easyhttpmock_vetis_tokio13vetis_adapterNtB9_12VetisAdapterNtNtCssTDxJfxuSY_12easyhttpmock6server13ServerAdapter5start0s3_0Bb_
FN:494,_RNCNCNvXs2_NtCs7Ib2kJL8DlN_24easyhttpmock_vetis_tokio13vetis_adapterNtB9_12VetisAdapterNtNtCssTDxJfxuSY_12easyhttpmock6server13ServerAdapter5start0s4_0Bb_
FN:448,_RNCNCNvXs2_NtCs7Ib2kJL8DlN_24easyhttpmock_vetis_tokio13vetis_adapterNtB9_12VetisAdapterNtNtCssTDxJfxuSY_12easyhttpmock6server13ServerAdapter5start0s_0Bb_
FN:505,_RNCNvXs2_NtCs7Ib2kJL8DlN_24easyhttpmock_vetis_tokio13vetis_adapterNtB7_12VetisAdapterNtNtCssTDxJfxuSY_12easyhttpmock6server13ServerAdapter4stop0B9_
FN:373,_RNCNvXs2_NtCs7Ib2kJL8DlN_24easyhttpmock_vetis_tokio13vetis_adapterNtB7_12VetisAdapterNtNtCssTDxJfxuSY_12easyhttpmock6server13ServerAdapter5start0B9_
FN:123,_RNvMNtCs7Ib2kJL8DlN_24easyhttpmock_vetis_tokio13vetis_adapterNtB2_25VetisAdapterConfigBuilder24allow_unsafe_connections
FN:111,_RNvMNtCs7Ib2kJL8DlN_24easyhttpmock_vetis_tokio13vetis_adapterNtB2_25VetisAdapterConfigBuilder2ca
FN:99,_RNvMNtCs7Ib2kJL8DlN_24easyhttpmock_vetis_tokio13vetis_adapterNtB2_25VetisAdapterConfigBuilder3key
FN:87,_RNvMNtCs7Ib2kJL8DlN_24easyhttpmock_vetis_tokio13vetis_adapterNtB2_25VetisAdapterConfigBuilder4cert
FN:75,_RNvMNtCs7Ib2kJL8DlN_24easyhttpmock_vetis_tokio13vetis_adapterNtB2_25VetisAdapterConfigBuilder4port
FN:132,_RNvMNtCs7Ib2kJL8DlN_24easyhttpmock_vetis_tokio13vetis_adapterNtB2_25VetisAdapterConfigBuilder5build
FN:63,_RNvMNtCs7Ib2kJL8DlN_24easyhttpmock_vetis_tokio13vetis_adapterNtB2_25VetisAdapterConfigBuilder6protos
FN:39,_RNvMNtCs7Ib2kJL8DlN_24easyhttpmock_vetis_tokio13vetis_adapterNtB2_25VetisAdapterConfigBuilder8hostname
FN:51,_RNvMNtCs7Ib2kJL8DlN_24easyhttpmock_vetis_tokio13vetis_adapterNtB2_25VetisAdapterConfigBuilder9interface
FN:230,_RNvMs0_NtCs7Ib2kJL8DlN_24easyhttpmock_vetis_tokio13vetis_adapterNtB5_18VetisAdapterConfig24allow_unsafe_connections
FN:270,_RNvMs0_NtCs7Ib2kJL8DlN_24easyhttpmock_vetis_tokio13vetis_adapterNtB5_18VetisAdapterConfig2ca
FN:262,_RNvMs0_NtCs7Ib2kJL8DlN_24easyhttpmock_vetis_tokio13vetis_adapterNtB5_18VetisAdapterConfig3key
FN:254,_RNvMs0_NtCs7Ib2kJL8DlN_24easyhttpmock_vetis_tokio13vetis_adapterNtB5_18VetisAdapterConfig4cert
FN:246,_RNvMs0_NtCs7Ib2kJL8DlN_24easyhttpmock_vetis_tokio13vetis_adapterNtB5_18VetisAdapterConfig4port
FN:238,_RNvMs0_NtCs7Ib2kJL8DlN_24easyhttpmock_vetis_tokio13vetis_adapterNtB5_18VetisAdapterConfig6protos
FN:195,_RNvMs0_NtCs7Ib2kJL8DlN_24easyhttpmock_vetis_tokio13vetis_adapterNtB5_18VetisAdapterConfig7builder
FN:214,_RNvMs0_NtCs7Ib2kJL8DlN_24easyhttpmock_vetis_tokio13vetis_adapterNtB5_18VetisAdapterConfig8hostname
FN:222,_RNvMs0_NtCs7Ib2kJL8DlN_24easyhttpmock_vetis_tokio13vetis_adapterNtB5_18VetisAdapterConfig9interface
FN:284,_RNvXs1_NtCs7Ib2kJL8DlN_24easyhttpmock_vetis_tokio13vetis_adapterNtB5_25VetisAdapterConfigBuilderINtNtCssTDxJfxuSY_12easyhttpmock6server13PortGeneratorNtB5_12VetisAdapterE16with_random_port
FN:359,_RNvXs2_NtCs7Ib2kJL8DlN_24easyhttpmock_vetis_tokio13vetis_adapterNtB5_12VetisAdapterNtNtCssTDxJfxuSY_12easyhttpmock6server13ServerAdapter13register_mock
FN:301,_RNvXs2_NtCs7Ib2kJL8DlN_24easyhttpmock_vetis_tokio13vetis_adapterNtB5_12VetisAdapterNtNtCssTDxJfxuSY_12easyhttpmock6server13ServerAdapter3new
FN:505,_RNvXs2_NtCs7Ib2kJL8DlN_24easyhttpmock_vetis_tokio13vetis_adapterNtB5_12VetisAdapterNtNtCssTDxJfxuSY_12easyhttpmock6server13ServerAdapter4stop
FN:373,_RNvXs2_NtCs7Ib2kJL8DlN_24easyhttpmock_vetis_tokio13vetis_adapterNtB5_12VetisAdapterNtNtCssTDxJfxuSY_12easyhttpmock6server13ServerAdapter5start
FN:337,_RNvXs2_NtCs7Ib2kJL8DlN_24easyhttpmock_vetis_tokio13vetis_adapterNtB5_12VetisAdapterNtNtCssTDxJfxuSY_12easyhttpmock6server13ServerAdapter6config
FN:319,_RNvXs2_NtCs7Ib2kJL8DlN_24easyhttpmock_vetis_tokio13vetis_adapterNtB5_12VetisAdapterNtNtCssTDxJfxuSY_12easyhttpmock6server13ServerAdapter8base_url
FN:309,_RNvXs2_NtCs7Ib2kJL8DlN_24easyhttpmock_vetis_tokio13vetis_adapterNtB5_12VetisAdapterNtNtCssTDxJfxuSY_12easyhttpmock6server13ServerAdapter8hostname
FN:169,_RNvXs_NtCs7Ib2kJL8DlN_24easyhttpmock_vetis_tokio13vetis_adapterNtB4_18VetisAdapterConfigNtNtCsgEmfK2I1SDS_4core7default7Default7default
FN:345,_RNvXs2_NtCs7Ib2kJL8DlN_24easyhttpmock_vetis_tokio13vetis_adapterNtB5_12VetisAdapterNtNtCssTDxJfxuSY_12easyhttpmock6server13ServerAdapter10config_mut
FNDA:2,_RNCNCNCNvXs2_NtCs7Ib2kJL8DlN_24easyhttpmock_vetis_tokio13vetis_adapterNtBb_12VetisAdapterNtNtCssTDxJfxuSY_12easyhttpmock6server13ServerAdapter5start000Bd_
FNDA:0,_RNCNCNvXs2_NtCs7Ib2kJL8DlN_24easyhttpmock_vetis_tokio13vetis_adapterNtB9_12VetisAdapterNtNtCssTDxJfxuSY_12easyhttpmock6server13ServerAdapter4stop00Bb_
FNDA:2,_RNCNCNvXs2_NtCs7Ib2kJL8DlN_24easyhttpmock_vetis_tokio13vetis_adapterNtB9_12VetisAdapterNtNtCssTDxJfxuSY_12easyhttpmock6server13ServerAdapter5start00Bb_
FNDA:0,_RNCNCNvXs2_NtCs7Ib2kJL8DlN_24easyhttpmock_vetis_tokio13vetis_adapterNtB9_12VetisAdapterNtNtCssTDxJfxuSY_12easyhttpmock6server13ServerAdapter5start0s0_0Bb_
FNDA:0,_RNCNCNvXs2_NtCs7Ib2kJL8DlN_24easyhttpmock_vetis_tokio13vetis_adapterNtB9_12VetisAdapterNtNtCssTDxJfxuSY_12easyhttpmock6server13ServerAdapter5start0s1_0Bb_
FNDA:0,_RNCNCNvXs2_NtCs7Ib2kJL8DlN_24easyhttpmock_vetis_tokio13vetis_adapterNtB9_12VetisAdapterNtNtCssTDxJfxuSY_12easyhttpmock6server13ServerAdapter5start0s2_0Bb_
FNDA:0,_RNCNCNvXs2_NtCs7Ib2kJL8DlN_24easyhttpmock_vetis_tokio13vetis_adapterNtB9_12VetisAdapterNtNtCssTDxJfxuSY_12easyhttpmock6server13ServerAdapter5start0s3_0Bb_
FNDA:0,_RNCNCNvXs2_NtCs7Ib2kJL8DlN_24easyhttpmock_vetis_tokio13vetis_adapterNtB9_12VetisAdapterNtNtCssTDxJfxuSY_12easyhttpmock6server13ServerAdapter5start0s4_0Bb_
FNDA:0,_RNCNCNvXs2_NtCs7Ib2kJL8DlN_24easyhttpmock_vetis_tokio13vetis_adapterNtB9_12VetisAdapterNtNtCssTDxJfxuSY_12easyhttpmock6server13ServerAdapter5start0s_0Bb_
FNDA:2,_RNCNvXs2_NtCs7Ib2kJL8DlN_24easyhttpmock_vetis_tokio13vetis_adapterNtB7_12VetisAdapterNtNtCssTDxJfxuSY_12easyhttpmock6server13ServerAdapter4stop0B9_
FNDA:2,_RNCNvXs2_NtCs7Ib2kJL8DlN_24easyhttpmock_vetis_tokio13vetis_adapterNtB7_12VetisAdapterNtNtCssTDxJfxuSY_12easyhttpmock6server13ServerAdapter5start0B9_
FNDA:1,_RNvMNtCs7Ib2kJL8DlN_24easyhttpmock_vetis_tokio13vetis_adapterNtB2_25VetisAdapterConfigBuilder24allow_unsafe_connections
FNDA:1,_RNvMNtCs7Ib2kJL8DlN_24easyhttpmock_vetis_tokio13vetis_adapterNtB2_25VetisAdapterConfigBuilder2ca
FNDA:1,_RNvMNtCs7Ib2kJL8DlN_24easyhttpmock_vetis_tokio13vetis_adapterNtB2_25VetisAdapterConfigBuilder3key
FNDA:1,_RNvMNtCs7Ib2kJL8DlN_24easyhttpmock_vetis_tokio13vetis_adapterNtB2_25VetisAdapterConfigBuilder4cert
FNDA:2,_RNvMNtCs7Ib2kJL8DlN_24easyhttpmock_vetis_tokio13vetis_adapterNtB2_25VetisAdapterConfigBuilder4port
FNDA:2,_RNvMNtCs7Ib2kJL8DlN_24easyhttpmock_vetis_tokio13vetis_adapterNtB2_25VetisAdapterConfigBuilder5build
FNDA:2,_RNvMNtCs7Ib2kJL8DlN_24easyhttpmock_vetis_tokio13vetis_adapterNtB2_25VetisAdapterConfigBuilder6protos
FNDA:1,_RNvMNtCs7Ib2kJL8DlN_24easyhttpmock_vetis_tokio13vetis_adapterNtB2_25VetisAdapterConfigBuilder8hostname
FNDA:1,_RNvMNtCs7Ib2kJL8DlN_24easyhttpmock_vetis_tokio13vetis_adapterNtB2_25VetisAdapterConfigBuilder9interface
FNDA:2,_RNvMs0_NtCs7Ib2kJL8DlN_24easyhttpmock_vetis_tokio13vetis_adapterNtB5_18VetisAdapterConfig24allow_unsafe_connections
FNDA:1,_RNvMs0_NtCs7Ib2kJL8DlN_24easyhttpmock_vetis_tokio13vetis_adapterNtB5_18VetisAdapterConfig2ca
FNDA:1,_RNvMs0_NtCs7Ib2kJL8DlN_24easyhttpmock_vetis_tokio13vetis_adapterNtB5_18VetisAdapterConfig3key
FNDA:1,_RNvMs0_NtCs7Ib2kJL8DlN_24easyhttpmock_vetis_tokio13vetis_adapterNtB5_18VetisAdapterConfig4cert
FNDA:9,_RNvMs0_NtCs7Ib2kJL8DlN_24easyhttpmock_vetis_tokio13vetis_adapterNtB5_18VetisAdapterConfig4port
FNDA:2,_RNvMs0_NtCs7Ib2kJL8DlN_24easyhttpmock_vetis_tokio13vetis_adapterNtB5_18VetisAdapterConfig6protos
FNDA:2,_RNvMs0_NtCs7Ib2kJL8DlN_24easyhttpmock_vetis_tokio13vetis_adapterNtB5_18VetisAdapterConfig7builder
FNDA:6,_RNvMs0_NtCs7Ib2kJL8DlN_24easyhttpmock_vetis_tokio13vetis_adapterNtB5_18VetisAdapterConfig8hostname
FNDA:6,_RNvMs0_NtCs7Ib2kJL8DlN_24easyhttpmock_vetis_tokio13vetis_adapterNtB5_18VetisAdapterConfig9interface
FNDA:2,_RNvXs1_NtCs7Ib2kJL8DlN_24easyhttpmock_vetis_tokio13vetis_adapterNtB5_25VetisAdapterConfigBuilderINtNtCssTDxJfxuSY_12easyhttpmock6server13PortGeneratorNtB5_12VetisAdapterE16with_random_port
FNDA:2,_RNvXs2_NtCs7Ib2kJL8DlN_24easyhttpmock_vetis_tokio13vetis_adapterNtB5_12VetisAdapterNtNtCssTDxJfxuSY_12easyhttpmock6server13ServerAdapter13register_mock
FNDA:2,_RNvXs2_NtCs7Ib2kJL8DlN_24easyhttpmock_vetis_tokio13vetis_adapterNtB5_12VetisAdapterNtNtCssTDxJfxuSY_12easyhttpmock6server13ServerAdapter3new
FNDA:2,_RNvXs2_NtCs7Ib2kJL8DlN_24easyhttpmock_vetis_tokio13vetis_adapterNtB5_12VetisAdapterNtNtCssTDxJfxuSY_12easyhttpmock6server13ServerAdapter4stop
FNDA:2,_RNvXs2_NtCs7Ib2kJL8DlN_24easyhttpmock_vetis_tokio13vetis_adapterNtB5_12VetisAdapterNtNtCssTDxJfxuSY_12easyhttpmock6server13ServerAdapter5start
FNDA:2,_RNvXs2_NtCs7Ib2kJL8DlN_24easyhttpmock_vetis_tokio13vetis_adapterNtB5_12VetisAdapterNtNtCssTDxJfxuSY_12easyhttpmock6server13ServerAdapter6config
FNDA:3,_RNvXs2_NtCs7Ib2kJL8DlN_24easyhttpmock_vetis_tokio13vetis_adapterNtB5_12VetisAdapterNtNtCssTDxJfxuSY_12easyhttpmock6server13ServerAdapter8base_url
FNDA:5,_RNvXs2_NtCs7Ib2kJL8DlN_24easyhttpmock_vetis_tokio13vetis_adapterNtB5_12VetisAdapterNtNtCssTDxJfxuSY_12easyhttpmock6server13ServerAdapter8hostname
FNDA:2,_RNvXs_NtCs7Ib2kJL8DlN_24easyhttpmock_vetis_tokio13vetis_adapterNtB4_18VetisAdapterConfigNtNtCsgEmfK2I1SDS_4core7default7Default7default
FNDA:0,_RNvXs2_NtCs7Ib2kJL8DlN_24easyhttpmock_vetis_tokio13vetis_adapterNtB5_12VetisAdapterNtNtCssTDxJfxuSY_12easyhttpmock6server13ServerAdapter10config_mut
FNF:39
FNH:31
DA:39,1
DA:40,1
DA:41,1
DA:42,1
DA:51,1
DA:52,1
DA:53,1
DA:54,1
DA:63,2
DA:64,2
DA:65,2
DA:66,2
DA:75,2
DA:76,2
DA:77,2
DA:78,2
DA:87,1
DA:88,1
DA:89,1
DA:90,1
DA:99,1
DA:100,1
DA:101,1
DA:102,1
DA:111,1
DA:112,1
DA:113,1
DA:114,1
DA:123,1
DA:124,1
DA:125,1
DA:126,1
DA:132,2
DA:133,2
DA:134,2
DA:135,2
DA:136,2
DA:137,2
DA:138,2
DA:139,2
DA:140,2
DA:141,2
DA:142,2
DA:143,2
DA:169,2
DA:170,2
DA:171,2
DA:172,2
DA:173,2
DA:174,2
DA:175,2
DA:176,2
DA:177,2
DA:178,2
DA:179,2
DA:180,2
DA:181,2
DA:182,2
DA:195,2
DA:196,2
DA:197,2
DA:198,2
DA:199,2
DA:200,2
DA:201,2
DA:202,2
DA:203,2
DA:204,2
DA:205,2
DA:206,2
DA:207,2
DA:208,2
DA:214,6
DA:215,6
DA:216,6
DA:222,6
DA:223,6
DA:224,6
DA:230,2
DA:231,2
DA:232,2
DA:238,2
DA:239,2
DA:240,2
DA:246,9
DA:247,9
DA:248,9
DA:254,1
DA:255,1
DA:256,1
DA:262,1
DA:263,1
DA:264,1
DA:270,1
DA:271,1
DA:272,1
DA:284,2
DA:285,2
DA:286,2
DA:287,2
DA:301,2
DA:302,2
DA:303,2
DA:309,5
DA:310,5
DA:311,5
DA:312,5
DA:313,5
DA:319,3
DA:320,3
DA:322,3
DA:323,3
DA:324,3
DA:325,3
DA:327,1
DA:329,2
DA:331,3
DA:337,2
DA:338,2
DA:339,2
DA:345,0
DA:346,0
DA:347,0
DA:359,2
DA:360,2
DA:361,2
DA:373,2
DA:374,2
DA:375,2
DA:376,0
DA:379,2
DA:380,2
DA:381,2
DA:382,2
DA:385,2
DA:386,2
DA:387,2
DA:389,2
DA:390,2
DA:391,0
DA:394,2
DA:396,2
DA:397,2
DA:398,2
DA:399,2
DA:402,2
DA:403,2
DA:404,2
DA:406,2
DA:407,2
DA:408,2
DA:409,2
DA:411,0
DA:413,2
DA:414,2
DA:415,2
DA:417,2
DA:419,2
DA:420,2
DA:421,2
DA:422,2
DA:423,2
DA:424,2
DA:425,2
DA:426,2
DA:428,2
DA:429,2
DA:430,2
DA:431,2
DA:432,2
DA:433,2
DA:434,2
DA:435,2
DA:436,2
DA:437,2
DA:438,2
DA:439,2
DA:440,2
DA:441,2
DA:442,1
DA:443,1
DA:444,1
DA:445,1
DA:446,1
DA:447,1
DA:448,1
DA:451,1
DA:454,2
DA:455,2
DA:456,2
DA:458,2
DA:459,2
DA:460,0
DA:461,2
DA:463,2
DA:464,2
DA:465,2
DA:466,2
DA:467,2
DA:469,2
DA:470,2
DA:471,2
DA:472,2
DA:473,2
DA:475,2
DA:476,2
DA:477,2
DA:479,2
DA:480,2
DA:482,2
DA:484,2
DA:485,2
DA:486,2
DA:487,2
DA:488,2
DA:489,2
DA:491,2
DA:492,2
DA:493,2
DA:494,2
DA:496,2
DA:498,2
DA:499,2
DA:505,2
DA:506,2
DA:507,0
DA:508,0
DA:509,0
DA:512,2
DA:513,2
DA:514,2
DA:515,2
DA:516,2
BRF:0
BRH:0
LF:243
LH:226
end_of_record